<?xml version="1.0" encoding="UTF-8"?>
<!-- Generated by org.testng.reporters.JUnitReportReporter -->
<testsuite hostname="PLVIVEMU-PC" name="com.automate.url.ImportXLData" tests="1" failures="0" timestamp="25 Dec 2015 13:12:36 GMT" time="2.578" errors="0">
  <testcase name="loadData" time="2.578" classname="com.automate.url.ImportXLData"/>
</testsuite> <!-- com.automate.url.ImportXLData -->
