<?xml version="1.0" encoding="UTF-8"?>
<!-- Generated by org.testng.reporters.JUnitReportReporter -->
<testsuite hostname="PLVIVEMU-PC" name="com.url.process.ProcessUrl" tests="1" failures="0" timestamp="25 Dec 2015 15:29:30 GMT" time="0.919" errors="0">
  <testcase name="iterateUrlList" time="0.919" classname="com.url.process.ProcessUrl"/>
</testsuite> <!-- com.url.process.ProcessUrl -->
